  Main.cpp
  Gun.cpp
  Player.cpp
Z:\dev\SDL-Project\SDL-Project\Player.cpp(53,37): warning C4244: '=': conversion from 'float' to 'int', possible loss of data
Z:\dev\SDL-Project\SDL-Project\Player.cpp(54,37): warning C4244: '=': conversion from 'float' to 'int', possible loss of data
Z:\dev\SDL-Project\SDL-Project\Player.cpp(56,39): warning C4244: '=': conversion from 'float' to 'int', possible loss of data
Z:\dev\SDL-Project\SDL-Project\Player.cpp(57,39): warning C4244: '=': conversion from 'float' to 'int', possible loss of data
Z:\dev\SDL-Project\SDL-Project\Player.cpp(59,58): warning C4244: '=': conversion from 'float' to 'int', possible loss of data
Z:\dev\SDL-Project\SDL-Project\Player.cpp(60,39): warning C4244: '=': conversion from 'float' to 'int', possible loss of data
Z:\dev\SDL-Project\SDL-Project\Player.cpp(62,39): warning C4244: '=': conversion from 'float' to 'int', possible loss of data
Z:\dev\SDL-Project\SDL-Project\Player.cpp(63,59): warning C4244: '=': conversion from 'float' to 'int', possible loss of data
Z:\dev\SDL-Project\SDL-Project\Player.cpp(65,39): warning C4244: '=': conversion from 'float' to 'int', possible loss of data
Z:\dev\SDL-Project\SDL-Project\Player.cpp(66,39): warning C4244: '=': conversion from 'float' to 'int', possible loss of data
Z:\dev\SDL-Project\SDL-Project\Player.cpp(73,44): warning C4244: 'argument': conversion from 'double' to 'float', possible loss of data
Z:\dev\SDL-Project\SDL-Project\Player.cpp(78,44): warning C4244: 'argument': conversion from 'double' to 'float', possible loss of data
Z:\dev\SDL-Project\SDL-Project\Player.cpp(82,31): warning C4244: 'argument': conversion from 'double' to 'float', possible loss of data
Z:\dev\SDL-Project\SDL-Project\Player.cpp(108,26): warning C4244: 'argument': conversion from 'double' to 'float', possible loss of data
Z:\dev\SDL-Project\SDL-Project\Player.cpp(109,26): warning C4244: 'argument': conversion from 'double' to 'float', possible loss of data
Z:\dev\SDL-Project\SDL-Project\Player.cpp(115,52): warning C4244: 'argument': conversion from 'float' to 'int', possible loss of data
Z:\dev\SDL-Project\SDL-Project\Player.cpp(115,38): warning C4244: 'argument': conversion from 'float' to 'int', possible loss of data
Z:\dev\SDL-Project\SDL-Project\Player.cpp(134,28): warning C4244: 'argument': conversion from 'int' to 'float', possible loss of data
Z:\dev\SDL-Project\SDL-Project\Player.cpp(139,14): warning C4244: 'argument': conversion from 'int' to 'float', possible loss of data
Z:\dev\SDL-Project\SDL-Project\Player.cpp(141,14): warning C4244: 'argument': conversion from 'int' to 'float', possible loss of data
Z:\dev\SDL-Project\SDL-Project\Player.cpp(186,24): warning C4244: 'return': conversion from 'double' to 'float', possible loss of data
  Generating Code...
Z:\dev\SDL-Project\SDL-Project\Gun.cpp(22): warning C4715: 'Gun::fire': not all control paths return a value
  SDL-Project.vcxproj -> Z:\dev\SDL-Project\x64\Debug\SDL-Project.exe
